CRITICAL - 2023-02-22 12:39:43 --> include_once(../public/assets/svgs/icon_conta.php): failed to open stream: No such file or directory
in APPPATH\Views\site\home.php on line 425.
 1 APPPATH\Views\site\home.php(425): CodeIgniter\Debug\Exceptions->errorHandler(2, 'include_once(../public/assets/svgs/icon_conta.php): failed to open stream: No such file or directory', 'APPPATH\\Views\\site\\home.php', 425, [])
 2 APPPATH\Views\site\home.php(425): include_once()
 3 SYSTEMPATH\View\View.php(213): include('APPPATH\\Views\\site\\home.php')
 4 SYSTEMPATH\View\View.php(216): CodeIgniter\View\View->CodeIgniter\View\{closure}()
 5 SYSTEMPATH\Common.php(1177): CodeIgniter\View\View->render('site/home', [], true)
 6 APPPATH\Controllers\Home.php(10): view('site/home')
 7 SYSTEMPATH\CodeIgniter.php(934): App\Controllers\Home->index()
 8 SYSTEMPATH\CodeIgniter.php(499): CodeIgniter\CodeIgniter->runController(Object(App\Controllers\Home))
 9 SYSTEMPATH\CodeIgniter.php(368): CodeIgniter\CodeIgniter->handleRequest(null, Object(Config\Cache), false)
10 FCPATH\index.php(67): CodeIgniter\CodeIgniter->run()
11 SYSTEMPATH\Commands\Server\rewrite.php(47): require_once('FCPATH\\index.php')
CRITICAL - 2023-02-22 13:43:01 --> include_once(../public/assets/svgs/icon_conta.php): failed to open stream: No such file or directory
in APPPATH\Views\site\home.php on line 425.
 1 APPPATH\Views\site\home.php(425): CodeIgniter\Debug\Exceptions->errorHandler(2, 'include_once(../public/assets/svgs/icon_conta.php): failed to open stream: No such file or directory', 'APPPATH\\Views\\site\\home.php', 425, [])
 2 APPPATH\Views\site\home.php(425): include_once()
 3 SYSTEMPATH\View\View.php(213): include('APPPATH\\Views\\site\\home.php')
 4 SYSTEMPATH\View\View.php(216): CodeIgniter\View\View->CodeIgniter\View\{closure}()
 5 SYSTEMPATH\Common.php(1177): CodeIgniter\View\View->render('site/home', [], true)
 6 APPPATH\Controllers\Home.php(10): view('site/home')
 7 SYSTEMPATH\CodeIgniter.php(934): App\Controllers\Home->index()
 8 SYSTEMPATH\CodeIgniter.php(499): CodeIgniter\CodeIgniter->runController(Object(App\Controllers\Home))
 9 SYSTEMPATH\CodeIgniter.php(368): CodeIgniter\CodeIgniter->handleRequest(null, Object(Config\Cache), false)
10 FCPATH\index.php(67): CodeIgniter\CodeIgniter->run()
11 SYSTEMPATH\Commands\Server\rewrite.php(47): require_once('FCPATH\\index.php')
