CRITICAL - 2023-02-16 16:56:26 --> include_once(./application/views/site/svgs/icon_conta.php): failed to open stream: No such file or directory
in APPPATH\Views\pages\home.php on line 426.
 1 APPPATH\Views\pages\home.php(426): CodeIgniter\Debug\Exceptions->errorHandler(2, 'include_once(./application/views/site/svgs/icon_conta.php): failed to open stream: No such file or directory', 'APPPATH\\Views\\pages\\home.php', 426, [...])
 2 APPPATH\Views\pages\home.php(426): include_once()
 3 SYSTEMPATH\View\View.php(213): include('APPPATH\\Views\\pages\\home.php')
 4 SYSTEMPATH\View\View.php(216): CodeIgniter\View\View->CodeIgniter\View\{closure}()
 5 SYSTEMPATH\Common.php(1177): CodeIgniter\View\View->render('pages/home', [], true)
 6 APPPATH\Controllers\Pages.php(23): view('pages/home')
 7 SYSTEMPATH\CodeIgniter.php(934): App\Controllers\Pages->view('home')
 8 SYSTEMPATH\CodeIgniter.php(499): CodeIgniter\CodeIgniter->runController(Object(App\Controllers\Pages))
 9 SYSTEMPATH\CodeIgniter.php(368): CodeIgniter\CodeIgniter->handleRequest(null, Object(Config\Cache), false)
10 FCPATH\index.php(67): CodeIgniter\CodeIgniter->run()
11 SYSTEMPATH\Commands\Server\rewrite.php(47): require_once('FCPATH\\index.php')
CRITICAL - 2023-02-16 16:56:46 --> include_once(./application/views/site/svgs/icon_conta.php): failed to open stream: No such file or directory
in APPPATH\Views\pages\home.php on line 426.
 1 APPPATH\Views\pages\home.php(426): CodeIgniter\Debug\Exceptions->errorHandler(2, 'include_once(./application/views/site/svgs/icon_conta.php): failed to open stream: No such file or directory', 'APPPATH\\Views\\pages\\home.php', 426, [...])
 2 APPPATH\Views\pages\home.php(426): include_once()
 3 SYSTEMPATH\View\View.php(213): include('APPPATH\\Views\\pages\\home.php')
 4 SYSTEMPATH\View\View.php(216): CodeIgniter\View\View->CodeIgniter\View\{closure}()
 5 SYSTEMPATH\Common.php(1177): CodeIgniter\View\View->render('pages/home', [], true)
 6 APPPATH\Controllers\Pages.php(23): view('pages/home')
 7 SYSTEMPATH\CodeIgniter.php(934): App\Controllers\Pages->view('home')
 8 SYSTEMPATH\CodeIgniter.php(499): CodeIgniter\CodeIgniter->runController(Object(App\Controllers\Pages))
 9 SYSTEMPATH\CodeIgniter.php(368): CodeIgniter\CodeIgniter->handleRequest(null, Object(Config\Cache), false)
10 FCPATH\index.php(67): CodeIgniter\CodeIgniter->run()
11 SYSTEMPATH\Commands\Server\rewrite.php(47): require_once('FCPATH\\index.php')
CRITICAL - 2023-02-16 16:56:50 --> include_once(./application/views/site/svgs/icon_conta.php): failed to open stream: No such file or directory
in APPPATH\Views\pages\home.php on line 426.
 1 APPPATH\Views\pages\home.php(426): CodeIgniter\Debug\Exceptions->errorHandler(2, 'include_once(./application/views/site/svgs/icon_conta.php): failed to open stream: No such file or directory', 'APPPATH\\Views\\pages\\home.php', 426, [...])
 2 APPPATH\Views\pages\home.php(426): include_once()
 3 SYSTEMPATH\View\View.php(213): include('APPPATH\\Views\\pages\\home.php')
 4 SYSTEMPATH\View\View.php(216): CodeIgniter\View\View->CodeIgniter\View\{closure}()
 5 SYSTEMPATH\Common.php(1177): CodeIgniter\View\View->render('pages/home', [], true)
 6 APPPATH\Controllers\Pages.php(23): view('pages/home')
 7 SYSTEMPATH\CodeIgniter.php(934): App\Controllers\Pages->view('home')
 8 SYSTEMPATH\CodeIgniter.php(499): CodeIgniter\CodeIgniter->runController(Object(App\Controllers\Pages))
 9 SYSTEMPATH\CodeIgniter.php(368): CodeIgniter\CodeIgniter->handleRequest(null, Object(Config\Cache), false)
10 FCPATH\index.php(67): CodeIgniter\CodeIgniter->run()
11 SYSTEMPATH\Commands\Server\rewrite.php(47): require_once('FCPATH\\index.php')
CRITICAL - 2023-02-16 16:57:40 --> include_once(./application/views/site/svgs/icon_conta.php): failed to open stream: No such file or directory
in APPPATH\Views\pages\home.php on line 426.
 1 APPPATH\Views\pages\home.php(426): CodeIgniter\Debug\Exceptions->errorHandler(2, 'include_once(./application/views/site/svgs/icon_conta.php): failed to open stream: No such file or directory', 'APPPATH\\Views\\pages\\home.php', 426, [...])
 2 APPPATH\Views\pages\home.php(426): include_once()
 3 SYSTEMPATH\View\View.php(213): include('APPPATH\\Views\\pages\\home.php')
 4 SYSTEMPATH\View\View.php(216): CodeIgniter\View\View->CodeIgniter\View\{closure}()
 5 SYSTEMPATH\Common.php(1177): CodeIgniter\View\View->render('pages/home', [], true)
 6 APPPATH\Controllers\Pages.php(23): view('pages/home')
 7 SYSTEMPATH\CodeIgniter.php(934): App\Controllers\Pages->view('home')
 8 SYSTEMPATH\CodeIgniter.php(499): CodeIgniter\CodeIgniter->runController(Object(App\Controllers\Pages))
 9 SYSTEMPATH\CodeIgniter.php(368): CodeIgniter\CodeIgniter->handleRequest(null, Object(Config\Cache), false)
10 FCPATH\index.php(67): CodeIgniter\CodeIgniter->run()
11 SYSTEMPATH\Commands\Server\rewrite.php(47): require_once('FCPATH\\index.php')
CRITICAL - 2023-02-16 16:58:06 --> include_once(./application/views/site/svgs/icon_conta.php): failed to open stream: No such file or directory
in APPPATH\Views\pages\home.php on line 426.
 1 APPPATH\Views\pages\home.php(426): CodeIgniter\Debug\Exceptions->errorHandler(2, 'include_once(./application/views/site/svgs/icon_conta.php): failed to open stream: No such file or directory', 'APPPATH\\Views\\pages\\home.php', 426, [...])
 2 APPPATH\Views\pages\home.php(426): include_once()
 3 SYSTEMPATH\View\View.php(213): include('APPPATH\\Views\\pages\\home.php')
 4 SYSTEMPATH\View\View.php(216): CodeIgniter\View\View->CodeIgniter\View\{closure}()
 5 SYSTEMPATH\Common.php(1177): CodeIgniter\View\View->render('pages/home', [], true)
 6 APPPATH\Controllers\Pages.php(23): view('pages/home')
 7 SYSTEMPATH\CodeIgniter.php(934): App\Controllers\Pages->view('home')
 8 SYSTEMPATH\CodeIgniter.php(499): CodeIgniter\CodeIgniter->runController(Object(App\Controllers\Pages))
 9 SYSTEMPATH\CodeIgniter.php(368): CodeIgniter\CodeIgniter->handleRequest(null, Object(Config\Cache), false)
10 FCPATH\index.php(67): CodeIgniter\CodeIgniter->run()
11 SYSTEMPATH\Commands\Server\rewrite.php(47): require_once('FCPATH\\index.php')
CRITICAL - 2023-02-16 16:59:45 --> include_once(./application/views/site/svgs/icon_stop.php): failed to open stream: No such file or directory
in APPPATH\Views\pages\home.php on line 439.
 1 APPPATH\Views\pages\home.php(439): CodeIgniter\Debug\Exceptions->errorHandler(2, 'include_once(./application/views/site/svgs/icon_stop.php): failed to open stream: No such file or directory', 'APPPATH\\Views\\pages\\home.php', 439, [...])
 2 APPPATH\Views\pages\home.php(439): include_once()
 3 SYSTEMPATH\View\View.php(213): include('APPPATH\\Views\\pages\\home.php')
 4 SYSTEMPATH\View\View.php(216): CodeIgniter\View\View->CodeIgniter\View\{closure}()
 5 SYSTEMPATH\Common.php(1177): CodeIgniter\View\View->render('pages/home', [], true)
 6 APPPATH\Controllers\Pages.php(23): view('pages/home')
 7 SYSTEMPATH\CodeIgniter.php(934): App\Controllers\Pages->view('home')
 8 SYSTEMPATH\CodeIgniter.php(499): CodeIgniter\CodeIgniter->runController(Object(App\Controllers\Pages))
 9 SYSTEMPATH\CodeIgniter.php(368): CodeIgniter\CodeIgniter->handleRequest(null, Object(Config\Cache), false)
10 FCPATH\index.php(67): CodeIgniter\CodeIgniter->run()
11 SYSTEMPATH\Commands\Server\rewrite.php(47): require_once('FCPATH\\index.php')
CRITICAL - 2023-02-16 17:00:15 --> include_once(./application/views/site/svgs/icon_stop.php): failed to open stream: No such file or directory
in APPPATH\Views\pages\home.php on line 439.
 1 APPPATH\Views\pages\home.php(439): CodeIgniter\Debug\Exceptions->errorHandler(2, 'include_once(./application/views/site/svgs/icon_stop.php): failed to open stream: No such file or directory', 'APPPATH\\Views\\pages\\home.php', 439, [...])
 2 APPPATH\Views\pages\home.php(439): include_once()
 3 SYSTEMPATH\View\View.php(213): include('APPPATH\\Views\\pages\\home.php')
 4 SYSTEMPATH\View\View.php(216): CodeIgniter\View\View->CodeIgniter\View\{closure}()
 5 SYSTEMPATH\Common.php(1177): CodeIgniter\View\View->render('pages/home', [], true)
 6 APPPATH\Controllers\Pages.php(23): view('pages/home')
 7 SYSTEMPATH\CodeIgniter.php(934): App\Controllers\Pages->view('home')
 8 SYSTEMPATH\CodeIgniter.php(499): CodeIgniter\CodeIgniter->runController(Object(App\Controllers\Pages))
 9 SYSTEMPATH\CodeIgniter.php(368): CodeIgniter\CodeIgniter->handleRequest(null, Object(Config\Cache), false)
10 FCPATH\index.php(67): CodeIgniter\CodeIgniter->run()
11 SYSTEMPATH\Commands\Server\rewrite.php(47): require_once('FCPATH\\index.php')
CRITICAL - 2023-02-16 17:01:10 --> Call to a member function is_admin() on null
in APPPATH\Views\pages\home.php on line 52.
 1 SYSTEMPATH\View\View.php(213): include()
 2 SYSTEMPATH\View\View.php(216): CodeIgniter\View\View->CodeIgniter\View\{closure}()
 3 SYSTEMPATH\Common.php(1177): CodeIgniter\View\View->render('pages/home', [], true)
 4 APPPATH\Controllers\Pages.php(23): view('pages/home')
 5 SYSTEMPATH\CodeIgniter.php(934): App\Controllers\Pages->view('home')
 6 SYSTEMPATH\CodeIgniter.php(499): CodeIgniter\CodeIgniter->runController(Object(App\Controllers\Pages))
 7 SYSTEMPATH\CodeIgniter.php(368): CodeIgniter\CodeIgniter->handleRequest(null, Object(Config\Cache), false)
 8 FCPATH\index.php(67): CodeIgniter\CodeIgniter->run()
 9 SYSTEMPATH\Commands\Server\rewrite.php(47): require_once('FCPATH\\index.php')
CRITICAL - 2023-02-16 17:01:13 --> Call to a member function is_admin() on null
in APPPATH\Views\pages\home.php on line 52.
 1 SYSTEMPATH\View\View.php(213): include()
 2 SYSTEMPATH\View\View.php(216): CodeIgniter\View\View->CodeIgniter\View\{closure}()
 3 SYSTEMPATH\Common.php(1177): CodeIgniter\View\View->render('pages/home', [], true)
 4 APPPATH\Controllers\Pages.php(23): view('pages/home')
 5 SYSTEMPATH\CodeIgniter.php(934): App\Controllers\Pages->view('home')
 6 SYSTEMPATH\CodeIgniter.php(499): CodeIgniter\CodeIgniter->runController(Object(App\Controllers\Pages))
 7 SYSTEMPATH\CodeIgniter.php(368): CodeIgniter\CodeIgniter->handleRequest(null, Object(Config\Cache), false)
 8 FCPATH\index.php(67): CodeIgniter\CodeIgniter->run()
 9 SYSTEMPATH\Commands\Server\rewrite.php(47): require_once('FCPATH\\index.php')
CRITICAL - 2023-02-16 17:06:48 --> include_once(../public/svgs/icon_conta.php): failed to open stream: No such file or directory
in APPPATH\Views\pages\home.php on line 598.
 1 APPPATH\Views\pages\home.php(598): CodeIgniter\Debug\Exceptions->errorHandler(2, 'include_once(../public/svgs/icon_conta.php): failed to open stream: No such file or directory', 'APPPATH\\Views\\pages\\home.php', 598, [...])
 2 APPPATH\Views\pages\home.php(598): include_once()
 3 SYSTEMPATH\View\View.php(213): include('APPPATH\\Views\\pages\\home.php')
 4 SYSTEMPATH\View\View.php(216): CodeIgniter\View\View->CodeIgniter\View\{closure}()
 5 SYSTEMPATH\Common.php(1177): CodeIgniter\View\View->render('pages/home', [], true)
 6 APPPATH\Controllers\Pages.php(23): view('pages/home')
 7 SYSTEMPATH\CodeIgniter.php(934): App\Controllers\Pages->view('home')
 8 SYSTEMPATH\CodeIgniter.php(499): CodeIgniter\CodeIgniter->runController(Object(App\Controllers\Pages))
 9 SYSTEMPATH\CodeIgniter.php(368): CodeIgniter\CodeIgniter->handleRequest(null, Object(Config\Cache), false)
10 FCPATH\index.php(67): CodeIgniter\CodeIgniter->run()
11 SYSTEMPATH\Commands\Server\rewrite.php(47): require_once('FCPATH\\index.php')
CRITICAL - 2023-02-16 17:29:13 --> Too few arguments to function App\Controllers\BaseController::initController(), 0 passed in C:\xampp\htdocs\easymeter\app\Controllers\UNO_Controller.php on line 11 and exactly 3 expected
in APPPATH\Controllers\BaseController.php on line 50.
 1 APPPATH\Controllers\UNO_Controller.php(11): App\Controllers\BaseController->initController()
 2 APPPATH\Controllers\Pages.php(10): App\Controllers\UNO_Controller->__construct()
 3 SYSTEMPATH\CodeIgniter.php(906): App\Controllers\Pages->__construct()
 4 SYSTEMPATH\CodeIgniter.php(490): CodeIgniter\CodeIgniter->createController()
 5 SYSTEMPATH\CodeIgniter.php(368): CodeIgniter\CodeIgniter->handleRequest(null, Object(Config\Cache), false)
 6 FCPATH\index.php(67): CodeIgniter\CodeIgniter->run()
 7 SYSTEMPATH\Commands\Server\rewrite.php(47): require_once('FCPATH\\index.php')
CRITICAL - 2023-02-16 17:29:36 --> Cannot call constructor
in APPPATH\Controllers\Pages.php on line 10.
 1 SYSTEMPATH\CodeIgniter.php(906): App\Controllers\Pages->__construct()
 2 SYSTEMPATH\CodeIgniter.php(490): CodeIgniter\CodeIgniter->createController()
 3 SYSTEMPATH\CodeIgniter.php(368): CodeIgniter\CodeIgniter->handleRequest(null, Object(Config\Cache), false)
 4 FCPATH\index.php(67): CodeIgniter\CodeIgniter->run()
 5 SYSTEMPATH\Commands\Server\rewrite.php(47): require_once('FCPATH\\index.php')
CRITICAL - 2023-02-16 18:05:46 --> Invalid file: "welcome_message.php"
in SYSTEMPATH\Exceptions\FrameworkException.php on line 33.
 1 SYSTEMPATH\View\View.php(201): CodeIgniter\Exceptions\FrameworkException::forInvalidFile('welcome_message.php')
 2 SYSTEMPATH\Common.php(1177): CodeIgniter\View\View->render('welcome_message', [], true)
 3 APPPATH\Controllers\Home.php(9): view('welcome_message')
 4 SYSTEMPATH\CodeIgniter.php(934): App\Controllers\Home->index()
 5 SYSTEMPATH\CodeIgniter.php(499): CodeIgniter\CodeIgniter->runController(Object(App\Controllers\Home))
 6 SYSTEMPATH\CodeIgniter.php(368): CodeIgniter\CodeIgniter->handleRequest(null, Object(Config\Cache), false)
 7 FCPATH\index.php(67): CodeIgniter\CodeIgniter->run()
 8 SYSTEMPATH\Commands\Server\rewrite.php(47): require_once('FCPATH\\index.php')
CRITICAL - 2023-02-16 18:07:08 --> Invalid file: "welcome_message.php"
in SYSTEMPATH\Exceptions\FrameworkException.php on line 33.
 1 SYSTEMPATH\View\View.php(201): CodeIgniter\Exceptions\FrameworkException::forInvalidFile('welcome_message.php')
 2 SYSTEMPATH\Common.php(1177): CodeIgniter\View\View->render('welcome_message', [], true)
 3 APPPATH\Controllers\Home.php(9): view('welcome_message')
 4 SYSTEMPATH\CodeIgniter.php(934): App\Controllers\Home->index()
 5 SYSTEMPATH\CodeIgniter.php(499): CodeIgniter\CodeIgniter->runController(Object(App\Controllers\Home))
 6 SYSTEMPATH\CodeIgniter.php(368): CodeIgniter\CodeIgniter->handleRequest(null, Object(Config\Cache), false)
 7 FCPATH\index.php(67): CodeIgniter\CodeIgniter->run()
 8 SYSTEMPATH\Commands\Server\rewrite.php(47): require_once('FCPATH\\index.php')
CRITICAL - 2023-02-16 20:19:13 --> Invalid file: "C:\xampp\htdocs\easymeter\app\\Views\auth\login.php"
in SYSTEMPATH\Exceptions\FrameworkException.php on line 33.
 1 SYSTEMPATH\View\View.php(201): CodeIgniter\Exceptions\FrameworkException::forInvalidFile('APPPATH\\Views\\auth\\login.php')
 2 SYSTEMPATH\Common.php(1177): CodeIgniter\View\View->render('APPPATH\\\\Views\\auth\\login', [], true)
 3 APPPATH\Vendor\IonAuth\Controllers\Auth.php(923): view('APPPATH\\\\Views\\auth\\login', [...])
 4 APPPATH\Vendor\IonAuth\Controllers\Auth.php(173): IonAuth\Controllers\Auth->renderPage('APPPATH\\\\Views\\auth\\login', [...])
 5 SYSTEMPATH\CodeIgniter.php(934): IonAuth\Controllers\Auth->login()
 6 SYSTEMPATH\CodeIgniter.php(499): CodeIgniter\CodeIgniter->runController(Object(IonAuth\Controllers\Auth))
 7 SYSTEMPATH\CodeIgniter.php(368): CodeIgniter\CodeIgniter->handleRequest(null, Object(Config\Cache), false)
 8 FCPATH\index.php(67): CodeIgniter\CodeIgniter->run()
 9 SYSTEMPATH\Commands\Server\rewrite.php(47): require_once('FCPATH\\index.php')
CRITICAL - 2023-02-16 20:20:04 --> Invalid file: "C:\xampp\htdocs\easymeter\app\\Views\auth\index.php"
in SYSTEMPATH\Exceptions\FrameworkException.php on line 33.
 1 SYSTEMPATH\View\View.php(201): CodeIgniter\Exceptions\FrameworkException::forInvalidFile('APPPATH\\Views\\auth\\index.php')
 2 SYSTEMPATH\Common.php(1177): CodeIgniter\View\View->render('APPPATH\\\\Views\\auth\\index', [], true)
 3 APPPATH\Vendor\IonAuth\Controllers\Auth.php(923): view('APPPATH\\\\Views\\auth\\index', [...])
 4 APPPATH\Vendor\IonAuth\Controllers\Auth.php(115): IonAuth\Controllers\Auth->renderPage('APPPATH\\\\Views\\auth\\index', [...])
 5 SYSTEMPATH\CodeIgniter.php(934): IonAuth\Controllers\Auth->index()
 6 SYSTEMPATH\CodeIgniter.php(499): CodeIgniter\CodeIgniter->runController(Object(IonAuth\Controllers\Auth))
 7 SYSTEMPATH\CodeIgniter.php(368): CodeIgniter\CodeIgniter->handleRequest(null, Object(Config\Cache), false)
 8 FCPATH\index.php(67): CodeIgniter\CodeIgniter->run()
 9 SYSTEMPATH\Commands\Server\rewrite.php(47): require_once('FCPATH\\index.php')
CRITICAL - 2023-02-16 20:20:19 --> Invalid file: "C:\xampp\htdocs\easymeter\app\Views\auth\index.php"
in SYSTEMPATH\Exceptions\FrameworkException.php on line 33.
 1 SYSTEMPATH\View\View.php(201): CodeIgniter\Exceptions\FrameworkException::forInvalidFile('APPPATH\\Views\\auth\\index.php')
 2 SYSTEMPATH\Common.php(1177): CodeIgniter\View\View->render('APPPATH\\Views\\auth\\index', [], true)
 3 APPPATH\Vendor\IonAuth\Controllers\Auth.php(923): view('APPPATH\\Views\\auth\\index', [...])
 4 APPPATH\Vendor\IonAuth\Controllers\Auth.php(115): IonAuth\Controllers\Auth->renderPage('APPPATH\\Views\\auth\\index', [...])
 5 SYSTEMPATH\CodeIgniter.php(934): IonAuth\Controllers\Auth->index()
 6 SYSTEMPATH\CodeIgniter.php(499): CodeIgniter\CodeIgniter->runController(Object(IonAuth\Controllers\Auth))
 7 SYSTEMPATH\CodeIgniter.php(368): CodeIgniter\CodeIgniter->handleRequest(null, Object(Config\Cache), false)
 8 FCPATH\index.php(67): CodeIgniter\CodeIgniter->run()
 9 SYSTEMPATH\Commands\Server\rewrite.php(47): require_once('FCPATH\\index.php')
CRITICAL - 2023-02-16 20:20:19 --> Invalid file: "C:\xampp\htdocs\easymeter\app\Views\auth\index.php"
in SYSTEMPATH\Exceptions\FrameworkException.php on line 33.
 1 SYSTEMPATH\View\View.php(201): CodeIgniter\Exceptions\FrameworkException::forInvalidFile('APPPATH\\Views\\auth\\index.php')
 2 SYSTEMPATH\Common.php(1177): CodeIgniter\View\View->render('APPPATH\\Views\\auth\\index', [], true)
 3 APPPATH\Vendor\IonAuth\Controllers\Auth.php(923): view('APPPATH\\Views\\auth\\index', [...])
 4 APPPATH\Vendor\IonAuth\Controllers\Auth.php(115): IonAuth\Controllers\Auth->renderPage('APPPATH\\Views\\auth\\index', [...])
 5 SYSTEMPATH\CodeIgniter.php(934): IonAuth\Controllers\Auth->index()
 6 SYSTEMPATH\CodeIgniter.php(499): CodeIgniter\CodeIgniter->runController(Object(IonAuth\Controllers\Auth))
 7 SYSTEMPATH\CodeIgniter.php(368): CodeIgniter\CodeIgniter->handleRequest(null, Object(Config\Cache), false)
 8 FCPATH\index.php(67): CodeIgniter\CodeIgniter->run()
 9 SYSTEMPATH\Commands\Server\rewrite.php(47): require_once('FCPATH\\index.php')
CRITICAL - 2023-02-16 20:20:57 --> Invalid file: "C:\xampp\htdocs\easymeter\app\Views\auth\login.php"
in SYSTEMPATH\Exceptions\FrameworkException.php on line 33.
 1 SYSTEMPATH\View\View.php(201): CodeIgniter\Exceptions\FrameworkException::forInvalidFile('APPPATH\\Views\\auth\\login.php')
 2 SYSTEMPATH\Common.php(1177): CodeIgniter\View\View->render('APPPATH\\Views\\auth\\login', [], true)
 3 APPPATH\Vendor\IonAuth\Controllers\Auth.php(923): view('APPPATH\\Views\\auth\\login', [...])
 4 APPPATH\Vendor\IonAuth\Controllers\Auth.php(173): IonAuth\Controllers\Auth->renderPage('APPPATH\\Views\\auth\\login', [...])
 5 SYSTEMPATH\CodeIgniter.php(934): IonAuth\Controllers\Auth->login()
 6 SYSTEMPATH\CodeIgniter.php(499): CodeIgniter\CodeIgniter->runController(Object(IonAuth\Controllers\Auth))
 7 SYSTEMPATH\CodeIgniter.php(368): CodeIgniter\CodeIgniter->handleRequest(null, Object(Config\Cache), false)
 8 FCPATH\index.php(67): CodeIgniter\CodeIgniter->run()
 9 SYSTEMPATH\Commands\Server\rewrite.php(47): require_once('FCPATH\\index.php')
CRITICAL - 2023-02-16 20:21:05 --> Invalid file: "C:\xampp\htdocs\easymeter\app\views\auth\login.php"
in SYSTEMPATH\Exceptions\FrameworkException.php on line 33.
 1 SYSTEMPATH\View\View.php(201): CodeIgniter\Exceptions\FrameworkException::forInvalidFile('APPPATH\\Views\\auth\\login.php')
 2 SYSTEMPATH\Common.php(1177): CodeIgniter\View\View->render('APPPATH\\views\\auth\\login', [], true)
 3 APPPATH\Vendor\IonAuth\Controllers\Auth.php(923): view('APPPATH\\views\\auth\\login', [...])
 4 APPPATH\Vendor\IonAuth\Controllers\Auth.php(173): IonAuth\Controllers\Auth->renderPage('APPPATH\\views\\auth\\login', [...])
 5 SYSTEMPATH\CodeIgniter.php(934): IonAuth\Controllers\Auth->login()
 6 SYSTEMPATH\CodeIgniter.php(499): CodeIgniter\CodeIgniter->runController(Object(IonAuth\Controllers\Auth))
 7 SYSTEMPATH\CodeIgniter.php(368): CodeIgniter\CodeIgniter->handleRequest(null, Object(Config\Cache), false)
 8 FCPATH\index.php(67): CodeIgniter\CodeIgniter->run()
 9 SYSTEMPATH\Commands\Server\rewrite.php(47): require_once('FCPATH\\index.php')
CRITICAL - 2023-02-16 20:21:06 --> Invalid file: "C:\xampp\htdocs\easymeter\app\views\auth\login.php"
in SYSTEMPATH\Exceptions\FrameworkException.php on line 33.
 1 SYSTEMPATH\View\View.php(201): CodeIgniter\Exceptions\FrameworkException::forInvalidFile('APPPATH\\Views\\auth\\login.php')
 2 SYSTEMPATH\Common.php(1177): CodeIgniter\View\View->render('APPPATH\\views\\auth\\login', [], true)
 3 APPPATH\Vendor\IonAuth\Controllers\Auth.php(923): view('APPPATH\\views\\auth\\login', [...])
 4 APPPATH\Vendor\IonAuth\Controllers\Auth.php(173): IonAuth\Controllers\Auth->renderPage('APPPATH\\views\\auth\\login', [...])
 5 SYSTEMPATH\CodeIgniter.php(934): IonAuth\Controllers\Auth->login()
 6 SYSTEMPATH\CodeIgniter.php(499): CodeIgniter\CodeIgniter->runController(Object(IonAuth\Controllers\Auth))
 7 SYSTEMPATH\CodeIgniter.php(368): CodeIgniter\CodeIgniter->handleRequest(null, Object(Config\Cache), false)
 8 FCPATH\index.php(67): CodeIgniter\CodeIgniter->run()
 9 SYSTEMPATH\Commands\Server\rewrite.php(47): require_once('FCPATH\\index.php')
CRITICAL - 2023-02-16 20:21:10 --> Invalid file: "C:\xampp\htdocs\easymeter\app\Views\auth\login.php"
in SYSTEMPATH\Exceptions\FrameworkException.php on line 33.
 1 SYSTEMPATH\View\View.php(201): CodeIgniter\Exceptions\FrameworkException::forInvalidFile('APPPATH\\Views\\auth\\login.php')
 2 SYSTEMPATH\Common.php(1177): CodeIgniter\View\View->render('APPPATH\\Views\\auth\\login', [], true)
 3 APPPATH\Vendor\IonAuth\Controllers\Auth.php(923): view('APPPATH\\Views\\auth\\login', [...])
 4 APPPATH\Vendor\IonAuth\Controllers\Auth.php(173): IonAuth\Controllers\Auth->renderPage('APPPATH\\Views\\auth\\login', [...])
 5 SYSTEMPATH\CodeIgniter.php(934): IonAuth\Controllers\Auth->login()
 6 SYSTEMPATH\CodeIgniter.php(499): CodeIgniter\CodeIgniter->runController(Object(IonAuth\Controllers\Auth))
 7 SYSTEMPATH\CodeIgniter.php(368): CodeIgniter\CodeIgniter->handleRequest(null, Object(Config\Cache), false)
 8 FCPATH\index.php(67): CodeIgniter\CodeIgniter->run()
 9 SYSTEMPATH\Commands\Server\rewrite.php(47): require_once('FCPATH\\index.php')
CRITICAL - 2023-02-16 20:36:22 --> Invalid file: "C:\xampp\htdocs\easymeter\app\Views\auth\login.php"
in SYSTEMPATH\Exceptions\FrameworkException.php on line 33.
 1 SYSTEMPATH\View\View.php(201): CodeIgniter\Exceptions\FrameworkException::forInvalidFile('APPPATH\\Views\\auth\\login.php')
 2 SYSTEMPATH\Common.php(1177): CodeIgniter\View\View->render('APPPATH\\Views\\auth\\login', [], true)
 3 APPPATH\Vendor\IonAuth\Controllers\Auth.php(923): view('APPPATH\\Views\\auth\\login', [...])
 4 APPPATH\Vendor\IonAuth\Controllers\Auth.php(173): IonAuth\Controllers\Auth->renderPage('APPPATH\\Views\\auth\\login', [...])
 5 SYSTEMPATH\CodeIgniter.php(934): IonAuth\Controllers\Auth->login()
 6 SYSTEMPATH\CodeIgniter.php(499): CodeIgniter\CodeIgniter->runController(Object(IonAuth\Controllers\Auth))
 7 SYSTEMPATH\CodeIgniter.php(368): CodeIgniter\CodeIgniter->handleRequest(null, Object(Config\Cache), false)
 8 FCPATH\index.php(67): CodeIgniter\CodeIgniter->run()
 9 SYSTEMPATH\Commands\Server\rewrite.php(47): require_once('FCPATH\\index.php')
CRITICAL - 2023-02-16 20:37:17 --> Invalid file: "auth\login.php"
in SYSTEMPATH\Exceptions\FrameworkException.php on line 33.
 1 SYSTEMPATH\View\View.php(201): CodeIgniter\Exceptions\FrameworkException::forInvalidFile('auth\\login.php')
 2 SYSTEMPATH\Common.php(1177): CodeIgniter\View\View->render('auth\\login', [], true)
 3 APPPATH\Vendor\IonAuth\Controllers\Auth.php(923): view('auth\\login', [...])
 4 APPPATH\Vendor\IonAuth\Controllers\Auth.php(173): IonAuth\Controllers\Auth->renderPage('auth\\login', [...])
 5 SYSTEMPATH\CodeIgniter.php(934): IonAuth\Controllers\Auth->login()
 6 SYSTEMPATH\CodeIgniter.php(499): CodeIgniter\CodeIgniter->runController(Object(IonAuth\Controllers\Auth))
 7 SYSTEMPATH\CodeIgniter.php(368): CodeIgniter\CodeIgniter->handleRequest(null, Object(Config\Cache), false)
 8 FCPATH\index.php(67): CodeIgniter\CodeIgniter->run()
 9 SYSTEMPATH\Commands\Server\rewrite.php(47): require_once('FCPATH\\index.php')
CRITICAL - 2023-02-16 20:37:18 --> Invalid file: "auth\login.php"
in SYSTEMPATH\Exceptions\FrameworkException.php on line 33.
 1 SYSTEMPATH\View\View.php(201): CodeIgniter\Exceptions\FrameworkException::forInvalidFile('auth\\login.php')
 2 SYSTEMPATH\Common.php(1177): CodeIgniter\View\View->render('auth\\login', [], true)
 3 APPPATH\Vendor\IonAuth\Controllers\Auth.php(923): view('auth\\login', [...])
 4 APPPATH\Vendor\IonAuth\Controllers\Auth.php(173): IonAuth\Controllers\Auth->renderPage('auth\\login', [...])
 5 SYSTEMPATH\CodeIgniter.php(934): IonAuth\Controllers\Auth->login()
 6 SYSTEMPATH\CodeIgniter.php(499): CodeIgniter\CodeIgniter->runController(Object(IonAuth\Controllers\Auth))
 7 SYSTEMPATH\CodeIgniter.php(368): CodeIgniter\CodeIgniter->handleRequest(null, Object(Config\Cache), false)
 8 FCPATH\index.php(67): CodeIgniter\CodeIgniter->run()
 9 SYSTEMPATH\Commands\Server\rewrite.php(47): require_once('FCPATH\\index.php')
CRITICAL - 2023-02-16 20:37:18 --> Invalid file: "auth\login.php"
in SYSTEMPATH\Exceptions\FrameworkException.php on line 33.
 1 SYSTEMPATH\View\View.php(201): CodeIgniter\Exceptions\FrameworkException::forInvalidFile('auth\\login.php')
 2 SYSTEMPATH\Common.php(1177): CodeIgniter\View\View->render('auth\\login', [], true)
 3 APPPATH\Vendor\IonAuth\Controllers\Auth.php(923): view('auth\\login', [...])
 4 APPPATH\Vendor\IonAuth\Controllers\Auth.php(173): IonAuth\Controllers\Auth->renderPage('auth\\login', [...])
 5 SYSTEMPATH\CodeIgniter.php(934): IonAuth\Controllers\Auth->login()
 6 SYSTEMPATH\CodeIgniter.php(499): CodeIgniter\CodeIgniter->runController(Object(IonAuth\Controllers\Auth))
 7 SYSTEMPATH\CodeIgniter.php(368): CodeIgniter\CodeIgniter->handleRequest(null, Object(Config\Cache), false)
 8 FCPATH\index.php(67): CodeIgniter\CodeIgniter->run()
 9 SYSTEMPATH\Commands\Server\rewrite.php(47): require_once('FCPATH\\index.php')
CRITICAL - 2023-02-16 20:37:18 --> Invalid file: "auth\login.php"
in SYSTEMPATH\Exceptions\FrameworkException.php on line 33.
 1 SYSTEMPATH\View\View.php(201): CodeIgniter\Exceptions\FrameworkException::forInvalidFile('auth\\login.php')
 2 SYSTEMPATH\Common.php(1177): CodeIgniter\View\View->render('auth\\login', [], true)
 3 APPPATH\Vendor\IonAuth\Controllers\Auth.php(923): view('auth\\login', [...])
 4 APPPATH\Vendor\IonAuth\Controllers\Auth.php(173): IonAuth\Controllers\Auth->renderPage('auth\\login', [...])
 5 SYSTEMPATH\CodeIgniter.php(934): IonAuth\Controllers\Auth->login()
 6 SYSTEMPATH\CodeIgniter.php(499): CodeIgniter\CodeIgniter->runController(Object(IonAuth\Controllers\Auth))
 7 SYSTEMPATH\CodeIgniter.php(368): CodeIgniter\CodeIgniter->handleRequest(null, Object(Config\Cache), false)
 8 FCPATH\index.php(67): CodeIgniter\CodeIgniter->run()
 9 SYSTEMPATH\Commands\Server\rewrite.php(47): require_once('FCPATH\\index.php')
CRITICAL - 2023-02-16 20:37:19 --> Invalid file: "auth\login.php"
in SYSTEMPATH\Exceptions\FrameworkException.php on line 33.
 1 SYSTEMPATH\View\View.php(201): CodeIgniter\Exceptions\FrameworkException::forInvalidFile('auth\\login.php')
 2 SYSTEMPATH\Common.php(1177): CodeIgniter\View\View->render('auth\\login', [], true)
 3 APPPATH\Vendor\IonAuth\Controllers\Auth.php(923): view('auth\\login', [...])
 4 APPPATH\Vendor\IonAuth\Controllers\Auth.php(173): IonAuth\Controllers\Auth->renderPage('auth\\login', [...])
 5 SYSTEMPATH\CodeIgniter.php(934): IonAuth\Controllers\Auth->login()
 6 SYSTEMPATH\CodeIgniter.php(499): CodeIgniter\CodeIgniter->runController(Object(IonAuth\Controllers\Auth))
 7 SYSTEMPATH\CodeIgniter.php(368): CodeIgniter\CodeIgniter->handleRequest(null, Object(Config\Cache), false)
 8 FCPATH\index.php(67): CodeIgniter\CodeIgniter->run()
 9 SYSTEMPATH\Commands\Server\rewrite.php(47): require_once('FCPATH\\index.php')
CRITICAL - 2023-02-16 20:37:19 --> Invalid file: "auth\login.php"
in SYSTEMPATH\Exceptions\FrameworkException.php on line 33.
 1 SYSTEMPATH\View\View.php(201): CodeIgniter\Exceptions\FrameworkException::forInvalidFile('auth\\login.php')
 2 SYSTEMPATH\Common.php(1177): CodeIgniter\View\View->render('auth\\login', [], true)
 3 APPPATH\Vendor\IonAuth\Controllers\Auth.php(923): view('auth\\login', [...])
 4 APPPATH\Vendor\IonAuth\Controllers\Auth.php(173): IonAuth\Controllers\Auth->renderPage('auth\\login', [...])
 5 SYSTEMPATH\CodeIgniter.php(934): IonAuth\Controllers\Auth->login()
 6 SYSTEMPATH\CodeIgniter.php(499): CodeIgniter\CodeIgniter->runController(Object(IonAuth\Controllers\Auth))
 7 SYSTEMPATH\CodeIgniter.php(368): CodeIgniter\CodeIgniter->handleRequest(null, Object(Config\Cache), false)
 8 FCPATH\index.php(67): CodeIgniter\CodeIgniter->run()
 9 SYSTEMPATH\Commands\Server\rewrite.php(47): require_once('FCPATH\\index.php')
CRITICAL - 2023-02-16 20:37:19 --> Invalid file: "auth\login.php"
in SYSTEMPATH\Exceptions\FrameworkException.php on line 33.
 1 SYSTEMPATH\View\View.php(201): CodeIgniter\Exceptions\FrameworkException::forInvalidFile('auth\\login.php')
 2 SYSTEMPATH\Common.php(1177): CodeIgniter\View\View->render('auth\\login', [], true)
 3 APPPATH\Vendor\IonAuth\Controllers\Auth.php(923): view('auth\\login', [...])
 4 APPPATH\Vendor\IonAuth\Controllers\Auth.php(173): IonAuth\Controllers\Auth->renderPage('auth\\login', [...])
 5 SYSTEMPATH\CodeIgniter.php(934): IonAuth\Controllers\Auth->login()
 6 SYSTEMPATH\CodeIgniter.php(499): CodeIgniter\CodeIgniter->runController(Object(IonAuth\Controllers\Auth))
 7 SYSTEMPATH\CodeIgniter.php(368): CodeIgniter\CodeIgniter->handleRequest(null, Object(Config\Cache), false)
 8 FCPATH\index.php(67): CodeIgniter\CodeIgniter->run()
 9 SYSTEMPATH\Commands\Server\rewrite.php(47): require_once('FCPATH\\index.php')
CRITICAL - 2023-02-16 20:37:19 --> Invalid file: "auth\login.php"
in SYSTEMPATH\Exceptions\FrameworkException.php on line 33.
 1 SYSTEMPATH\View\View.php(201): CodeIgniter\Exceptions\FrameworkException::forInvalidFile('auth\\login.php')
 2 SYSTEMPATH\Common.php(1177): CodeIgniter\View\View->render('auth\\login', [], true)
 3 APPPATH\Vendor\IonAuth\Controllers\Auth.php(923): view('auth\\login', [...])
 4 APPPATH\Vendor\IonAuth\Controllers\Auth.php(173): IonAuth\Controllers\Auth->renderPage('auth\\login', [...])
 5 SYSTEMPATH\CodeIgniter.php(934): IonAuth\Controllers\Auth->login()
 6 SYSTEMPATH\CodeIgniter.php(499): CodeIgniter\CodeIgniter->runController(Object(IonAuth\Controllers\Auth))
 7 SYSTEMPATH\CodeIgniter.php(368): CodeIgniter\CodeIgniter->handleRequest(null, Object(Config\Cache), false)
 8 FCPATH\index.php(67): CodeIgniter\CodeIgniter->run()
 9 SYSTEMPATH\Commands\Server\rewrite.php(47): require_once('FCPATH\\index.php')
CRITICAL - 2023-02-16 20:37:19 --> Invalid file: "auth\login.php"
in SYSTEMPATH\Exceptions\FrameworkException.php on line 33.
 1 SYSTEMPATH\View\View.php(201): CodeIgniter\Exceptions\FrameworkException::forInvalidFile('auth\\login.php')
 2 SYSTEMPATH\Common.php(1177): CodeIgniter\View\View->render('auth\\login', [], true)
 3 APPPATH\Vendor\IonAuth\Controllers\Auth.php(923): view('auth\\login', [...])
 4 APPPATH\Vendor\IonAuth\Controllers\Auth.php(173): IonAuth\Controllers\Auth->renderPage('auth\\login', [...])
 5 SYSTEMPATH\CodeIgniter.php(934): IonAuth\Controllers\Auth->login()
 6 SYSTEMPATH\CodeIgniter.php(499): CodeIgniter\CodeIgniter->runController(Object(IonAuth\Controllers\Auth))
 7 SYSTEMPATH\CodeIgniter.php(368): CodeIgniter\CodeIgniter->handleRequest(null, Object(Config\Cache), false)
 8 FCPATH\index.php(67): CodeIgniter\CodeIgniter->run()
 9 SYSTEMPATH\Commands\Server\rewrite.php(47): require_once('FCPATH\\index.php')
CRITICAL - 2023-02-16 20:37:19 --> Invalid file: "auth\login.php"
in SYSTEMPATH\Exceptions\FrameworkException.php on line 33.
 1 SYSTEMPATH\View\View.php(201): CodeIgniter\Exceptions\FrameworkException::forInvalidFile('auth\\login.php')
 2 SYSTEMPATH\Common.php(1177): CodeIgniter\View\View->render('auth\\login', [], true)
 3 APPPATH\Vendor\IonAuth\Controllers\Auth.php(923): view('auth\\login', [...])
 4 APPPATH\Vendor\IonAuth\Controllers\Auth.php(173): IonAuth\Controllers\Auth->renderPage('auth\\login', [...])
 5 SYSTEMPATH\CodeIgniter.php(934): IonAuth\Controllers\Auth->login()
 6 SYSTEMPATH\CodeIgniter.php(499): CodeIgniter\CodeIgniter->runController(Object(IonAuth\Controllers\Auth))
 7 SYSTEMPATH\CodeIgniter.php(368): CodeIgniter\CodeIgniter->handleRequest(null, Object(Config\Cache), false)
 8 FCPATH\index.php(67): CodeIgniter\CodeIgniter->run()
 9 SYSTEMPATH\Commands\Server\rewrite.php(47): require_once('FCPATH\\index.php')
CRITICAL - 2023-02-16 20:37:20 --> Invalid file: "auth\login.php"
in SYSTEMPATH\Exceptions\FrameworkException.php on line 33.
 1 SYSTEMPATH\View\View.php(201): CodeIgniter\Exceptions\FrameworkException::forInvalidFile('auth\\login.php')
 2 SYSTEMPATH\Common.php(1177): CodeIgniter\View\View->render('auth\\login', [], true)
 3 APPPATH\Vendor\IonAuth\Controllers\Auth.php(923): view('auth\\login', [...])
 4 APPPATH\Vendor\IonAuth\Controllers\Auth.php(173): IonAuth\Controllers\Auth->renderPage('auth\\login', [...])
 5 SYSTEMPATH\CodeIgniter.php(934): IonAuth\Controllers\Auth->login()
 6 SYSTEMPATH\CodeIgniter.php(499): CodeIgniter\CodeIgniter->runController(Object(IonAuth\Controllers\Auth))
 7 SYSTEMPATH\CodeIgniter.php(368): CodeIgniter\CodeIgniter->handleRequest(null, Object(Config\Cache), false)
 8 FCPATH\index.php(67): CodeIgniter\CodeIgniter->run()
 9 SYSTEMPATH\Commands\Server\rewrite.php(47): require_once('FCPATH\\index.php')
CRITICAL - 2023-02-16 20:37:20 --> Invalid file: "auth\login.php"
in SYSTEMPATH\Exceptions\FrameworkException.php on line 33.
 1 SYSTEMPATH\View\View.php(201): CodeIgniter\Exceptions\FrameworkException::forInvalidFile('auth\\login.php')
 2 SYSTEMPATH\Common.php(1177): CodeIgniter\View\View->render('auth\\login', [], true)
 3 APPPATH\Vendor\IonAuth\Controllers\Auth.php(923): view('auth\\login', [...])
 4 APPPATH\Vendor\IonAuth\Controllers\Auth.php(173): IonAuth\Controllers\Auth->renderPage('auth\\login', [...])
 5 SYSTEMPATH\CodeIgniter.php(934): IonAuth\Controllers\Auth->login()
 6 SYSTEMPATH\CodeIgniter.php(499): CodeIgniter\CodeIgniter->runController(Object(IonAuth\Controllers\Auth))
 7 SYSTEMPATH\CodeIgniter.php(368): CodeIgniter\CodeIgniter->handleRequest(null, Object(Config\Cache), false)
 8 FCPATH\index.php(67): CodeIgniter\CodeIgniter->run()
 9 SYSTEMPATH\Commands\Server\rewrite.php(47): require_once('FCPATH\\index.php')
CRITICAL - 2023-02-16 20:37:20 --> Invalid file: "auth\login.php"
in SYSTEMPATH\Exceptions\FrameworkException.php on line 33.
 1 SYSTEMPATH\View\View.php(201): CodeIgniter\Exceptions\FrameworkException::forInvalidFile('auth\\login.php')
 2 SYSTEMPATH\Common.php(1177): CodeIgniter\View\View->render('auth\\login', [], true)
 3 APPPATH\Vendor\IonAuth\Controllers\Auth.php(923): view('auth\\login', [...])
 4 APPPATH\Vendor\IonAuth\Controllers\Auth.php(173): IonAuth\Controllers\Auth->renderPage('auth\\login', [...])
 5 SYSTEMPATH\CodeIgniter.php(934): IonAuth\Controllers\Auth->login()
 6 SYSTEMPATH\CodeIgniter.php(499): CodeIgniter\CodeIgniter->runController(Object(IonAuth\Controllers\Auth))
 7 SYSTEMPATH\CodeIgniter.php(368): CodeIgniter\CodeIgniter->handleRequest(null, Object(Config\Cache), false)
 8 FCPATH\index.php(67): CodeIgniter\CodeIgniter->run()
 9 SYSTEMPATH\Commands\Server\rewrite.php(47): require_once('FCPATH\\index.php')
CRITICAL - 2023-02-16 20:37:20 --> Invalid file: "auth\login.php"
in SYSTEMPATH\Exceptions\FrameworkException.php on line 33.
 1 SYSTEMPATH\View\View.php(201): CodeIgniter\Exceptions\FrameworkException::forInvalidFile('auth\\login.php')
 2 SYSTEMPATH\Common.php(1177): CodeIgniter\View\View->render('auth\\login', [], true)
 3 APPPATH\Vendor\IonAuth\Controllers\Auth.php(923): view('auth\\login', [...])
 4 APPPATH\Vendor\IonAuth\Controllers\Auth.php(173): IonAuth\Controllers\Auth->renderPage('auth\\login', [...])
 5 SYSTEMPATH\CodeIgniter.php(934): IonAuth\Controllers\Auth->login()
 6 SYSTEMPATH\CodeIgniter.php(499): CodeIgniter\CodeIgniter->runController(Object(IonAuth\Controllers\Auth))
 7 SYSTEMPATH\CodeIgniter.php(368): CodeIgniter\CodeIgniter->handleRequest(null, Object(Config\Cache), false)
 8 FCPATH\index.php(67): CodeIgniter\CodeIgniter->run()
 9 SYSTEMPATH\Commands\Server\rewrite.php(47): require_once('FCPATH\\index.php')
CRITICAL - 2023-02-16 20:37:20 --> Invalid file: "auth\login.php"
in SYSTEMPATH\Exceptions\FrameworkException.php on line 33.
 1 SYSTEMPATH\View\View.php(201): CodeIgniter\Exceptions\FrameworkException::forInvalidFile('auth\\login.php')
 2 SYSTEMPATH\Common.php(1177): CodeIgniter\View\View->render('auth\\login', [], true)
 3 APPPATH\Vendor\IonAuth\Controllers\Auth.php(923): view('auth\\login', [...])
 4 APPPATH\Vendor\IonAuth\Controllers\Auth.php(173): IonAuth\Controllers\Auth->renderPage('auth\\login', [...])
 5 SYSTEMPATH\CodeIgniter.php(934): IonAuth\Controllers\Auth->login()
 6 SYSTEMPATH\CodeIgniter.php(499): CodeIgniter\CodeIgniter->runController(Object(IonAuth\Controllers\Auth))
 7 SYSTEMPATH\CodeIgniter.php(368): CodeIgniter\CodeIgniter->handleRequest(null, Object(Config\Cache), false)
 8 FCPATH\index.php(67): CodeIgniter\CodeIgniter->run()
 9 SYSTEMPATH\Commands\Server\rewrite.php(47): require_once('FCPATH\\index.php')
CRITICAL - 2023-02-16 20:37:20 --> Invalid file: "auth\login.php"
in SYSTEMPATH\Exceptions\FrameworkException.php on line 33.
 1 SYSTEMPATH\View\View.php(201): CodeIgniter\Exceptions\FrameworkException::forInvalidFile('auth\\login.php')
 2 SYSTEMPATH\Common.php(1177): CodeIgniter\View\View->render('auth\\login', [], true)
 3 APPPATH\Vendor\IonAuth\Controllers\Auth.php(923): view('auth\\login', [...])
 4 APPPATH\Vendor\IonAuth\Controllers\Auth.php(173): IonAuth\Controllers\Auth->renderPage('auth\\login', [...])
 5 SYSTEMPATH\CodeIgniter.php(934): IonAuth\Controllers\Auth->login()
 6 SYSTEMPATH\CodeIgniter.php(499): CodeIgniter\CodeIgniter->runController(Object(IonAuth\Controllers\Auth))
 7 SYSTEMPATH\CodeIgniter.php(368): CodeIgniter\CodeIgniter->handleRequest(null, Object(Config\Cache), false)
 8 FCPATH\index.php(67): CodeIgniter\CodeIgniter->run()
 9 SYSTEMPATH\Commands\Server\rewrite.php(47): require_once('FCPATH\\index.php')
CRITICAL - 2023-02-16 20:37:21 --> Invalid file: "auth\login.php"
in SYSTEMPATH\Exceptions\FrameworkException.php on line 33.
 1 SYSTEMPATH\View\View.php(201): CodeIgniter\Exceptions\FrameworkException::forInvalidFile('auth\\login.php')
 2 SYSTEMPATH\Common.php(1177): CodeIgniter\View\View->render('auth\\login', [], true)
 3 APPPATH\Vendor\IonAuth\Controllers\Auth.php(923): view('auth\\login', [...])
 4 APPPATH\Vendor\IonAuth\Controllers\Auth.php(173): IonAuth\Controllers\Auth->renderPage('auth\\login', [...])
 5 SYSTEMPATH\CodeIgniter.php(934): IonAuth\Controllers\Auth->login()
 6 SYSTEMPATH\CodeIgniter.php(499): CodeIgniter\CodeIgniter->runController(Object(IonAuth\Controllers\Auth))
 7 SYSTEMPATH\CodeIgniter.php(368): CodeIgniter\CodeIgniter->handleRequest(null, Object(Config\Cache), false)
 8 FCPATH\index.php(67): CodeIgniter\CodeIgniter->run()
 9 SYSTEMPATH\Commands\Server\rewrite.php(47): require_once('FCPATH\\index.php')
CRITICAL - 2023-02-16 20:37:21 --> Invalid file: "auth\login.php"
in SYSTEMPATH\Exceptions\FrameworkException.php on line 33.
 1 SYSTEMPATH\View\View.php(201): CodeIgniter\Exceptions\FrameworkException::forInvalidFile('auth\\login.php')
 2 SYSTEMPATH\Common.php(1177): CodeIgniter\View\View->render('auth\\login', [], true)
 3 APPPATH\Vendor\IonAuth\Controllers\Auth.php(923): view('auth\\login', [...])
 4 APPPATH\Vendor\IonAuth\Controllers\Auth.php(173): IonAuth\Controllers\Auth->renderPage('auth\\login', [...])
 5 SYSTEMPATH\CodeIgniter.php(934): IonAuth\Controllers\Auth->login()
 6 SYSTEMPATH\CodeIgniter.php(499): CodeIgniter\CodeIgniter->runController(Object(IonAuth\Controllers\Auth))
 7 SYSTEMPATH\CodeIgniter.php(368): CodeIgniter\CodeIgniter->handleRequest(null, Object(Config\Cache), false)
 8 FCPATH\index.php(67): CodeIgniter\CodeIgniter->run()
 9 SYSTEMPATH\Commands\Server\rewrite.php(47): require_once('FCPATH\\index.php')
CRITICAL - 2023-02-16 20:37:21 --> Invalid file: "auth\login.php"
in SYSTEMPATH\Exceptions\FrameworkException.php on line 33.
 1 SYSTEMPATH\View\View.php(201): CodeIgniter\Exceptions\FrameworkException::forInvalidFile('auth\\login.php')
 2 SYSTEMPATH\Common.php(1177): CodeIgniter\View\View->render('auth\\login', [], true)
 3 APPPATH\Vendor\IonAuth\Controllers\Auth.php(923): view('auth\\login', [...])
 4 APPPATH\Vendor\IonAuth\Controllers\Auth.php(173): IonAuth\Controllers\Auth->renderPage('auth\\login', [...])
 5 SYSTEMPATH\CodeIgniter.php(934): IonAuth\Controllers\Auth->login()
 6 SYSTEMPATH\CodeIgniter.php(499): CodeIgniter\CodeIgniter->runController(Object(IonAuth\Controllers\Auth))
 7 SYSTEMPATH\CodeIgniter.php(368): CodeIgniter\CodeIgniter->handleRequest(null, Object(Config\Cache), false)
 8 FCPATH\index.php(67): CodeIgniter\CodeIgniter->run()
 9 SYSTEMPATH\Commands\Server\rewrite.php(47): require_once('FCPATH\\index.php')
CRITICAL - 2023-02-16 20:37:21 --> Invalid file: "auth\login.php"
in SYSTEMPATH\Exceptions\FrameworkException.php on line 33.
 1 SYSTEMPATH\View\View.php(201): CodeIgniter\Exceptions\FrameworkException::forInvalidFile('auth\\login.php')
 2 SYSTEMPATH\Common.php(1177): CodeIgniter\View\View->render('auth\\login', [], true)
 3 APPPATH\Vendor\IonAuth\Controllers\Auth.php(923): view('auth\\login', [...])
 4 APPPATH\Vendor\IonAuth\Controllers\Auth.php(173): IonAuth\Controllers\Auth->renderPage('auth\\login', [...])
 5 SYSTEMPATH\CodeIgniter.php(934): IonAuth\Controllers\Auth->login()
 6 SYSTEMPATH\CodeIgniter.php(499): CodeIgniter\CodeIgniter->runController(Object(IonAuth\Controllers\Auth))
 7 SYSTEMPATH\CodeIgniter.php(368): CodeIgniter\CodeIgniter->handleRequest(null, Object(Config\Cache), false)
 8 FCPATH\index.php(67): CodeIgniter\CodeIgniter->run()
 9 SYSTEMPATH\Commands\Server\rewrite.php(47): require_once('FCPATH\\index.php')
